INFO:sim:172 - Generating IP...
Resolving generics for 'DECO'...
Applying external generics to 'DECO'...
Delivering associated files for 'DECO'...
Delivering EJava files for 'DECO'...
Generating implementation netlist for 'DECO'...
INFO:sim - Pre-processing HDL files for 'DECO'...
Running synthesis for 'DECO'
Running ngcbuild...
Writing VHO instantiation template for 'DECO'...
Writing VHDL behavioral simulation model for 'DECO'...
WARNING:sim - Overwriting existing file
   D:/workdirectory/TP8/ipcore_dir/tmp/_cg/DECO/doc/dist_mem_gen_v7_2_vinfo.html
   with file from view xilinx_documentation
Delivered 2 files into directory D:/workdirectory/TP8/ipcore_dir/tmp/_cg/DECO
Generating ASY schematic symbol...
INFO:sim:949 - Finished generation of ASY schematic symbol.
Generating SYM schematic symbol for 'DECO'...
Generating metadata file...
Generating ISE project file for 'DECO'...
Generating ISE project...
XCO file found: DECO.xco
XMDF file found: DECO_xmdf.tcl
Adding D:/workdirectory/TP8/ipcore_dir/tmp/_cg/DECO.asy -view all -origin_type
imported
Adding D:/workdirectory/TP8/ipcore_dir/tmp/_cg/DECO.ngc -view all -origin_type
created
Checking file "D:/workdirectory/TP8/ipcore_dir/tmp/_cg/DECO.ngc" for project
device match ...
File "D:/workdirectory/TP8/ipcore_dir/tmp/_cg/DECO.ngc" device information
matches project device.
Adding D:/workdirectory/TP8/ipcore_dir/tmp/_cg/DECO.sym -view all -origin_type
imported
Adding D:/workdirectory/TP8/ipcore_dir/tmp/_cg/DECO.vhd -view all -origin_type
created
INFO:HDLCompiler:1061 - Parsing VHDL file
   "D:/workdirectory/TP8/ipcore_dir/tmp/_cg/DECO.vhd" into library work
INFO:ProjectMgmt - Parsing design hierarchy completed successfully.
Adding D:/workdirectory/TP8/ipcore_dir/tmp/_cg/DECO.vho -view all -origin_type
imported
INFO:TclTasksC:2116 - The automatic calculation of top has been turned-off.
   Please set the new top explicitly by running the "project set top" command.
   To re-calculate the new top automatically, set the "Auto Implementation Top"
   property to true.
Top level has been set to "/DECO"
Generating README file...
Generating FLIST file...
INFO:sim:948 - Finished FLIST file generation.
Launching README viewer...
Moving files to output directory...
Finished moving files to output directory
Wrote CGP file for project 'DECO'.
