INFO:sim:172 - Generating IP...
Resolving generics for 'RAM1'...
Applying external generics to 'RAM1'...
Delivering associated files for 'RAM1'...
Delivering EJava files for 'RAM1'...
Generating implementation netlist for 'RAM1'...
INFO:sim - Pre-processing HDL files for 'RAM1'...
Running synthesis for 'RAM1'
Running ngcbuild...
Writing VHO instantiation template for 'RAM1'...
Writing VHDL behavioral simulation model for 'RAM1'...
WARNING:sim - Overwriting existing file
   D:/workdirectory/TPFINAL/ipcore_dir/tmp/_cg/RAM1/doc/dist_mem_gen_v7_2_vinfo.
   html with file from view xilinx_documentation
Delivered 2 files into directory
D:/workdirectory/TPFINAL/ipcore_dir/tmp/_cg/RAM1
Generating ASY schematic symbol...
INFO:sim:949 - Finished generation of ASY schematic symbol.
Generating SYM schematic symbol for 'RAM1'...
Generating metadata file...
Generating ISE project file for 'RAM1'...
Generating ISE project...
XCO file found: RAM1.xco
XMDF file found: RAM1_xmdf.tcl
Adding D:/workdirectory/TPFINAL/ipcore_dir/tmp/_cg/RAM1.asy -view all
-origin_type imported
Adding D:/workdirectory/TPFINAL/ipcore_dir/tmp/_cg/RAM1.ngc -view all
-origin_type created
Checking file "D:/workdirectory/TPFINAL/ipcore_dir/tmp/_cg/RAM1.ngc" for project
device match ...
File "D:/workdirectory/TPFINAL/ipcore_dir/tmp/_cg/RAM1.ngc" device information
matches project device.
Adding D:/workdirectory/TPFINAL/ipcore_dir/tmp/_cg/RAM1.sym -view all
-origin_type imported
Adding D:/workdirectory/TPFINAL/ipcore_dir/tmp/_cg/RAM1.vhd -view all
-origin_type created
INFO:HDLCompiler:1061 - Parsing VHDL file
   "D:/workdirectory/TPFINAL/ipcore_dir/tmp/_cg/RAM1.vhd" into library work
INFO:ProjectMgmt - Parsing design hierarchy completed successfully.
Adding D:/workdirectory/TPFINAL/ipcore_dir/tmp/_cg/RAM1.vho -view all
-origin_type imported
INFO:TclTasksC:2116 - The automatic calculation of top has been turned-off.
   Please set the new top explicitly by running the "project set top" command.
   To re-calculate the new top automatically, set the "Auto Implementation Top"
   property to true.
Top level has been set to "/RAM1"
Generating README file...
Generating FLIST file...
INFO:sim:948 - Finished FLIST file generation.
Launching README viewer...
Moving files to output directory...
Finished moving files to output directory
Wrote CGP file for project 'RAM1'.
