Running: D:\Xilinx\14.7\ISE_DS\ISE\bin\nt\unwrapped\fuse.exe -intstyle ise -incremental -lib secureip -o D:/workdirectory/PROPIO10/PROPIO10_TB_isim_beh.exe -prj D:/workdirectory/PROPIO10/PROPIO10_TB_beh.prj work.PROPIO10_TB 
ISim P.20131013 (signature 0x8ef4fb42)
Number of CPUs detected in this system: 4
Turning on mult-threading, number of parallel sub-compilation jobs: 8 
Determining compilation order of HDL files
Parsing VHDL file "D:/workdirectory/PROPIO10/PROPIO10.vhd" into library work
Parsing VHDL file "D:/workdirectory/PROPIO10/PROPIO10_TB.vhd" into library work
Starting static elaboration
Completed static elaboration
Fuse Memory Usage: 104784 KB
Fuse CPU Usage: 1231 ms
Compiling package standard
Compiling package std_logic_1164
Compiling architecture behavioral of entity PROPIO10 [propio10_default]
Compiling architecture behavior of entity propio10_tb
Time Resolution for simulation is 1ps.
Waiting for 1 sub-compilation(s) to finish...
Compiled 5 VHDL Units
Built simulation executable D:/workdirectory/PROPIO10/PROPIO10_TB_isim_beh.exe
Fuse Memory Usage: 113728 KB
Fuse CPU Usage: 1434 ms
