Running: fuse.exe -relaunch -intstyle "ise" -incremental -lib "secureip" -o "D:/workdirectory/DIRECCIONAMIENTO/DIRECCIONAMIENTO_TB_isim_beh.exe" -prj "D:/workdirectory/DIRECCIONAMIENTO/DIRECCIONAMIENTO_TB_beh.prj" "work.DIRECCIONAMIENTO_TB" 
ISim P.20131013 (signature 0x8ef4fb42)
Number of CPUs detected in this system: 4
Turning on mult-threading, number of parallel sub-compilation jobs: 8 
Determining compilation order of HDL files
Parsing VHDL file "D:/workdirectory/DIRECCIONAMIENTO/DIRECCIONAMIENTO.vhd" into library work
Parsing VHDL file "D:/workdirectory/DIRECCIONAMIENTO/DIRECCIONAMIENTO_TB.vhd" into library work
Starting static elaboration
Completed static elaboration
Fuse Memory Usage: 104720 KB
Fuse CPU Usage: 1216 ms
Compiling package standard
Compiling package std_logic_1164
Compiling package numeric_std
Compiling architecture behavioral of entity DIRECCIONAMIENTO [direccionamiento_default]
Compiling architecture behavior of entity direccionamiento_tb
Time Resolution for simulation is 1ps.
Waiting for 1 sub-compilation(s) to finish...
Compiled 6 VHDL Units
Built simulation executable D:/workdirectory/DIRECCIONAMIENTO/DIRECCIONAMIENTO_TB_isim_beh.exe
Fuse Memory Usage: 120256 KB
Fuse CPU Usage: 1840 ms
