ISim log file
Running: D:\workdirectory\DIRECCIONAMIENTO\DIRECCIONAMIENTO_TB_isim_beh.exe -intstyle ise -gui -tclbatch isim.cmd -wdb D:/workdirectory/DIRECCIONAMIENTO/DIRECCIONAMIENTO_TB_isim_beh.wdb 
ISim P.20131013 (signature 0x8ef4fb42)
This is a Full version of ISim.
Time resolution is 1 ps
# onerror resume
# wave add /
# run 1000 ns
Simulator is doing circuit initialization process.
at 0 ps, Instance /direccionamiento_tb/uut/ : Warning: NUMERIC_STD."=": metavalue detected, returning FALSE
Finished circuit initialization process.
at 0 ps, Instance /direccionamiento_tb/uut/ : Warning: NUMERIC_STD."=": metavalue detected, returning FALSE
ERROR: at 205 ns(10000): Iteration limit 10000 is reached. Possible zero delay oscillation detected where simulation can not advance in time because signals can not resolve to a stable value in File "D:/workdirectory/DIRECCIONAMIENTO/DIRECCIONAMIENTO.vhd" Line 113. Please correct this code in order to advance past the current simulation time.

INFO: Simulator is stopped.
# step
INFO: Simulator is stopped.
# step
INFO: Simulator is stopped.
# step
INFO: Simulator is stopped.
ISim P.20131013 (signature 0x8ef4fb42)
This is a Full version of ISim.
# run 1000 ns
Simulator is doing circuit initialization process.
at 0 ps, Instance /direccionamiento_tb/uut/ : Warning: NUMERIC_STD."=": metavalue detected, returning FALSE
Finished circuit initialization process.
at 0 ps, Instance /direccionamiento_tb/uut/ : Warning: NUMERIC_STD."=": metavalue detected, returning FALSE
ERROR: at 205 ns(10000): Iteration limit 10000 is reached. Possible zero delay oscillation detected where simulation can not advance in time because signals can not resolve to a stable value in File "D:/workdirectory/DIRECCIONAMIENTO/DIRECCIONAMIENTO.vhd" Line 110. Please correct this code in order to advance past the current simulation time.

INFO: Simulator is stopped.
