Release 14.7 - xst P.20131013 (nt)
Copyright (c) 1995-2013 Xilinx, Inc.  All rights reserved.
--> Parameter TMPDIR set to xst/projnav.tmp


Total REAL time to Xst completion: 1.00 secs
Total CPU time to Xst completion: 0.72 secs
 
--> Parameter xsthdpdir set to xst


Total REAL time to Xst completion: 1.00 secs
Total CPU time to Xst completion: 0.73 secs
 
--> Reading design: CP.prj

TABLE OF CONTENTS
  1) Synthesis Options Summary
  2) HDL Parsing
  3) HDL Elaboration
  4) HDL Synthesis
       4.1) HDL Synthesis Report
  5) Advanced HDL Synthesis
       5.1) Advanced HDL Synthesis Report
  6) Low Level Synthesis
  7) Partition Report
  8) Design Summary
       8.1) Primitive and Black Box Usage
       8.2) Device utilization summary
       8.3) Partition Resource Summary
       8.4) Timing Report
            8.4.1) Clock Information
            8.4.2) Asynchronous Control Signals Information
            8.4.3) Timing Summary
            8.4.4) Timing Details
            8.4.5) Cross Clock Domains Report


=========================================================================
*                      Synthesis Options Summary                        *
=========================================================================
---- Source Parameters
Input File Name                    : "CP.prj"
Ignore Synthesis Constraint File   : NO

---- Target Parameters
Output File Name                   : "CP"
Output Format                      : NGC
Target Device                      : xc6slx16-3-csg324

---- Source Options
Top Module Name                    : CP
Automatic FSM Extraction           : YES
FSM Encoding Algorithm             : Auto
Safe Implementation                : No
FSM Style                          : LUT
RAM Extraction                     : Yes
RAM Style                          : Auto
ROM Extraction                     : Yes
Shift Register Extraction          : YES
ROM Style                          : Auto
Resource Sharing                   : YES
Asynchronous To Synchronous        : NO
Shift Register Minimum Size        : 2
Use DSP Block                      : Auto
Automatic Register Balancing       : No

---- Target Options
LUT Combining                      : Auto
Reduce Control Sets                : Auto
Add IO Buffers                     : YES
Global Maximum Fanout              : 100000
Add Generic Clock Buffer(BUFG)     : 16
Register Duplication               : YES
Optimize Instantiated Primitives   : NO
Use Clock Enable                   : Auto
Use Synchronous Set                : Auto
Use Synchronous Reset              : Auto
Pack IO Registers into IOBs        : Auto
Equivalent register Removal        : YES

---- General Options
Optimization Goal                  : Speed
Optimization Effort                : 1
Power Reduction                    : NO
Keep Hierarchy                     : No
Netlist Hierarchy                  : As_Optimized
RTL Output                         : Yes
Global Optimization                : AllClockNets
Read Cores                         : YES
Write Timing Constraints           : NO
Cross Clock Analysis               : NO
Hierarchy Separator                : /
Bus Delimiter                      : <>
Case Specifier                     : Maintain
Slice Utilization Ratio            : 100
BRAM Utilization Ratio             : 100
DSP48 Utilization Ratio            : 100
Auto BRAM Packing                  : NO
Slice Utilization Ratio Delta      : 5

=========================================================================


=========================================================================
*                          HDL Parsing                                  *
=========================================================================
Parsing VHDL file "D:\workdirectory\PROPIO7\CP.vhd" into library work
Parsing entity <CP>.
Parsing architecture <Behavioral> of entity <cp>.

=========================================================================
*                            HDL Elaboration                            *
=========================================================================

Elaborating entity <CP> (architecture <Behavioral>) from library <work>.

=========================================================================
*                           HDL Synthesis                               *
=========================================================================

Synthesizing Unit <CP>.
    Related source file is "D:\workdirectory\PROPIO7\CP.vhd".
    Found 8-bit register for signal <cuenta>.
    Found 8-bit adder for signal <aux[7]_GND_4_o_add_0_OUT> created at line 1241.
    Found 8-bit comparator equal for signal <out1> created at line 42
    Summary:
	inferred   1 Adder/Subtractor(s).
	inferred   8 D-type flip-flop(s).
	inferred   1 Comparator(s).
Unit <CP> synthesized.

=========================================================================
HDL Synthesis Report

Macro Statistics
# Adders/Subtractors                                   : 1
 8-bit adder                                           : 1
# Registers                                            : 1
 8-bit register                                        : 1
# Comparators                                          : 1
 8-bit comparator equal                                : 1

=========================================================================

=========================================================================
*                       Advanced HDL Synthesis                          *
=========================================================================


Synthesizing (advanced) Unit <CP>.
The following registers are absorbed into counter <aux>: 1 register on signal <aux>.
Unit <CP> synthesized (advanced).

=========================================================================
Advanced HDL Synthesis Report

Macro Statistics
# Counters                                             : 1
 8-bit up counter                                      : 1
# Comparators                                          : 1
 8-bit comparator equal                                : 1

=========================================================================

=========================================================================
*                         Low Level Synthesis                           *
=========================================================================

Optimizing unit <CP> ...

Mapping all equations...
Building and optimizing final netlist ...
Found area constraint ratio of 100 (+ 5) on block CP, actual ratio is 0.

Final Macro Processing ...

=========================================================================
Final Register Report

Macro Statistics
# Registers                                            : 8
 Flip-Flops                                            : 8

=========================================================================

=========================================================================
*                           Partition Report                            *
=========================================================================

Partition Implementation Status
-------------------------------

  No Partitions were found in this design.

-------------------------------

=========================================================================
*                            Design Summary                             *
=========================================================================

Top Level Output File Name         : CP.ngc

Primitive and Black Box Usage:
------------------------------
# BELS                             : 29
#      GND                         : 1
#      INV                         : 1
#      LUT1                        : 7
#      LUT2                        : 1
#      LUT6                        : 3
#      MUXCY                       : 7
#      VCC                         : 1
#      XORCY                       : 8
# FlipFlops/Latches                : 8
#      FDCE                        : 8
# Clock Buffers                    : 1
#      BUFGP                       : 1
# IO Buffers                       : 20
#      IBUF                        : 11
#      OBUF                        : 9

Device utilization summary:
---------------------------

Selected Device : 6slx16csg324-3 


Slice Logic Utilization: 
 Number of Slice Registers:               8  out of  18224     0%  
 Number of Slice LUTs:                   12  out of   9112     0%  
    Number used as Logic:                12  out of   9112     0%  

Slice Logic Distribution: 
 Number of LUT Flip Flop pairs used:     12
   Number with an unused Flip Flop:       4  out of     12    33%  
   Number with an unused LUT:             0  out of     12     0%  
   Number of fully used LUT-FF pairs:     8  out of     12    66%  
   Number of unique control sets:         1

IO Utilization: 
 Number of IOs:                          21
 Number of bonded IOBs:                  21  out of    232     9%  

Specific Feature Utilization:
 Number of BUFG/BUFGCTRLs:                1  out of     16     6%  

---------------------------
Partition Resource Summary:
---------------------------

  No Partitions were found in this design.

---------------------------


=========================================================================
Timing Report

NOTE: THESE TIMING NUMBERS ARE ONLY A SYNTHESIS ESTIMATE.
      FOR ACCURATE TIMING INFORMATION PLEASE REFER TO THE TRACE REPORT
      GENERATED AFTER PLACE-and-ROUTE.

Clock Information:
------------------
-----------------------------------+------------------------+-------+
Clock Signal                       | Clock buffer(FF name)  | Load  |
-----------------------------------+------------------------+-------+
CLK                                | BUFGP                  | 8     |
-----------------------------------+------------------------+-------+

Asynchronous Control Signals Information:
----------------------------------------
No asynchronous control signals found in this design

Timing Summary:
---------------
Speed Grade: -3

   Minimum period: 1.871ns (Maximum Frequency: 534.402MHz)
   Minimum input arrival time before clock: 3.232ns
   Maximum output required time after clock: 5.962ns
   Maximum combinational path delay: 6.646ns

Timing Details:
---------------
All values displayed in nanoseconds (ns)

=========================================================================
Timing constraint: Default period analysis for Clock 'CLK'
  Clock period: 1.871ns (frequency: 534.402MHz)
  Total number of paths / destination ports: 36 / 8
-------------------------------------------------------------------------
Delay:               1.871ns (Levels of Logic = 9)
  Source:            aux_0 (FF)
  Destination:       aux_7 (FF)
  Source Clock:      CLK rising
  Destination Clock: CLK rising

  Data Path: aux_0 to aux_7
                                Gate     Net
    Cell:in->out      fanout   Delay   Delay  Logical Name (Net Name)
    ----------------------------------------  ------------
     FDCE:C->Q             3   0.447   0.650  aux_0 (aux_0)
     INV:I->O              1   0.206   0.000  Mcount_aux_lut<0>_INV_0 (Mcount_aux_lut<0>)
     MUXCY:S->O            1   0.172   0.000  Mcount_aux_cy<0> (Mcount_aux_cy<0>)
     MUXCY:CI->O           1   0.019   0.000  Mcount_aux_cy<1> (Mcount_aux_cy<1>)
     MUXCY:CI->O           1   0.019   0.000  Mcount_aux_cy<2> (Mcount_aux_cy<2>)
     MUXCY:CI->O           1   0.019   0.000  Mcount_aux_cy<3> (Mcount_aux_cy<3>)
     MUXCY:CI->O           1   0.019   0.000  Mcount_aux_cy<4> (Mcount_aux_cy<4>)
     MUXCY:CI->O           1   0.019   0.000  Mcount_aux_cy<5> (Mcount_aux_cy<5>)
     MUXCY:CI->O           0   0.019   0.000  Mcount_aux_cy<6> (Mcount_aux_cy<6>)
     XORCY:CI->O           1   0.180   0.000  Mcount_aux_xor<7> (Result<7>)
     FDCE:D                    0.102          aux_7
    ----------------------------------------
    Total                      1.871ns (1.221ns logic, 0.650ns route)
                                       (65.3% logic, 34.7% route)

=========================================================================
Timing constraint: Default OFFSET IN BEFORE for Clock 'CLK'
  Total number of paths / destination ports: 24 / 16
-------------------------------------------------------------------------
Offset:              3.232ns (Levels of Logic = 2)
  Source:            X (PAD)
  Destination:       aux_0 (FF)
  Destination Clock: CLK rising

  Data Path: X to aux_0
                                Gate     Net
    Cell:in->out      fanout   Delay   Delay  Logical Name (Net Name)
    ----------------------------------------  ------------
     IBUF:I->O             1   1.222   0.684  X_IBUF (X_IBUF)
     LUT2:I0->O            8   0.203   0.802  a1 (a)
     FDCE:CE                   0.322          aux_0
    ----------------------------------------
    Total                      3.232ns (1.747ns logic, 1.485ns route)
                                       (54.0% logic, 46.0% route)

=========================================================================
Timing constraint: Default OFFSET OUT AFTER for Clock 'CLK'
  Total number of paths / destination ports: 16 / 9
-------------------------------------------------------------------------
Offset:              5.962ns (Levels of Logic = 3)
  Source:            aux_1 (FF)
  Destination:       out1 (PAD)
  Source Clock:      CLK rising

  Data Path: aux_1 to out1
                                Gate     Net
    Cell:in->out      fanout   Delay   Delay  Logical Name (Net Name)
    ----------------------------------------  ------------
     FDCE:C->Q             3   0.447   1.015  aux_1 (aux_1)
     LUT6:I0->O            1   0.203   0.944  out181 (out18)
     LUT6:I0->O            1   0.203   0.579  out183 (out1_OBUF)
     OBUF:I->O                 2.571          out1_OBUF (out1)
    ----------------------------------------
    Total                      5.962ns (3.424ns logic, 2.538ns route)
                                       (57.4% logic, 42.6% route)

=========================================================================
Timing constraint: Default path analysis
  Total number of paths / destination ports: 8 / 1
-------------------------------------------------------------------------
Delay:               6.646ns (Levels of Logic = 4)
  Source:            Z<1> (PAD)
  Destination:       out1 (PAD)

  Data Path: Z<1> to out1
                                Gate     Net
    Cell:in->out      fanout   Delay   Delay  Logical Name (Net Name)
    ----------------------------------------  ------------
     IBUF:I->O             1   1.222   0.924  Z_1_IBUF (Z_1_IBUF)
     LUT6:I1->O            1   0.203   0.944  out181 (out18)
     LUT6:I0->O            1   0.203   0.579  out183 (out1_OBUF)
     OBUF:I->O                 2.571          out1_OBUF (out1)
    ----------------------------------------
    Total                      6.646ns (4.199ns logic, 2.447ns route)
                                       (63.2% logic, 36.8% route)

=========================================================================

Cross Clock Domains Report:
--------------------------

Clock to Setup on destination clock CLK
---------------+---------+---------+---------+---------+
               | Src:Rise| Src:Fall| Src:Rise| Src:Fall|
Source Clock   |Dest:Rise|Dest:Rise|Dest:Fall|Dest:Fall|
---------------+---------+---------+---------+---------+
CLK            |    1.871|         |         |         |
---------------+---------+---------+---------+---------+

=========================================================================


Total REAL time to Xst completion: 25.00 secs
Total CPU time to Xst completion: 24.83 secs
 
--> 

Total memory usage is 189168 kilobytes

Number of errors   :    0 (   0 filtered)
Number of warnings :    0 (   0 filtered)
Number of infos    :    0 (   0 filtered)

