Running: fuse.exe -relaunch -intstyle "ise" -incremental -lib "secureip" -o "D:/workdirectory/PROPIO18/propio18tb_isim_beh.exe" -prj "D:/workdirectory/PROPIO18/propio18tb_beh.prj" "work.propio18tb" 
ISim P.20131013 (signature 0x8ef4fb42)
Number of CPUs detected in this system: 4
Turning on mult-threading, number of parallel sub-compilation jobs: 8 
Determining compilation order of HDL files
Parsing VHDL file "D:/workdirectory/PROPIO18/PROPIO18.vhd" into library work
Parsing VHDL file "D:/workdirectory/PROPIO18/propio18tb.vhd" into library work
Starting static elaboration
Completed static elaboration
Fuse Memory Usage: 104272 KB
Fuse CPU Usage: 1091 ms
Compiling package standard
Compiling package std_logic_1164
Compiling architecture behavioral of entity PROPIO18 [propio18_default]
Compiling architecture behavior of entity propio18tb
Time Resolution for simulation is 1ps.
Waiting for 1 sub-compilation(s) to finish...
Compiled 5 VHDL Units
Built simulation executable D:/workdirectory/PROPIO18/propio18tb_isim_beh.exe
Fuse Memory Usage: 114240 KB
Fuse CPU Usage: 1279 ms
